  bash arg: --pkg-whitelist-file
  bash arg: /sdcard/whitelist.txt
  bash arg: -s
  bash arg: 44195
  bash arg: --ignore-crashes
  bash arg: --ignore-timeouts
  bash arg: --throttle
  bash arg: 300
  bash arg: -v
  bash arg: -v
  bash arg: -v
  bash arg: 1000
:Monkey: seed=44195 count=1000
:AllowPackage: com.android.settings
:IncludeCategory: android.intent.category.LAUNCHER
:IncludeCategory: android.intent.category.MONKEY
// Selecting main activities from category android.intent.category.LAUNCHER
//   - NOT USING main activity com.android.camera.CameraLauncher (from package com.android.camera2)
//   - NOT USING main activity com.google.android.apps.chrome.Main (from package com.android.chrome)
//   - NOT USING main activity com.android.contacts.activities.PeopleActivity (from package com.android.contacts)
//   + Using main activity com.android.settings.Settings (from package com.android.settings)
//   - NOT USING main activity com.google.android.apps.docs.app.NewMainProxyActivity (from package com.google.android.apps.docs)
//   - NOT USING main activity com.google.android.maps.MapsActivity (from package com.google.android.apps.maps)
//   - NOT USING main activity com.google.android.apps.messaging.ui.ConversationListActivity (from package com.google.android.apps.messaging)
//   - NOT USING main activity com.google.android.apps.photos.home.HomeActivity (from package com.google.android.apps.photos)
//   - NOT USING main activity com.android.calendar.AllInOneActivity (from package com.google.android.calendar)
//   - NOT USING main activity com.android.deskclock.DeskClock (from package com.google.android.deskclock)
//   - NOT USING main activity com.google.android.dialer.extensions.GoogleDialtactsActivity (from package com.google.android.dialer)
//   - NOT USING main activity com.google.android.gm.ConversationListActivityGmail (from package com.google.android.gm)
//   - NOT USING main activity com.android.music.activitymanagement.TopLevelActivity (from package com.google.android.music)
//   - NOT USING main activity com.google.android.youtube.videos.EntryPoint (from package com.google.android.videos)
//   - NOT USING main activity com.google.android.youtube.app.honeycomb.Shell$HomeActivity (from package com.google.android.youtube)
//   - NOT USING main activity com.android.calculator2.Calculator (from package com.android.calculator2)
//   - NOT USING main activity com.android.customlocale2.CustomLocaleActivity (from package com.android.customlocale2)
//   - NOT USING main activity com.android.development.Development (from package com.android.development)
//   - NOT USING main activity com.android.documentsui.LauncherActivity (from package com.android.documentsui)
//   - NOT USING main activity com.google.android.apps.tachyon.MainActivity (from package com.google.android.apps.tachyon)
//   - NOT USING main activity com.google.android.apps.wallpaper.picker.CategoryPickerActivity (from package com.google.android.apps.wallpaper)
//   - NOT USING main activity com.google.android.googlequicksearchbox.VoiceSearchActivity (from package com.google.android.googlequicksearchbox)
//   - NOT USING main activity com.google.android.googlequicksearchbox.SearchActivity (from package com.google.android.googlequicksearchbox)
//   - NOT USING main activity org.chromium.webview_shell.WebViewBrowserActivity (from package org.chromium.webview_shell)
//   - NOT USING main activity com.zhidao.sharedpreferencestest.MainActivity (from package com.zhidao.sharedpreferencestest)
// Selecting main activities from category android.intent.category.MONKEY
//   + Using main activity com.android.settings.Settings$RunningServicesActivity (from package com.android.settings)
//   + Using main activity com.android.settings.Settings$StorageUseActivity (from package com.android.settings)
//   - NOT USING main activity com.google.android.apps.nexuslauncher.NexusLauncherActivity (from package com.google.android.apps.nexuslauncher)
//   - NOT USING main activity com.google.android.googlequicksearchbox.SearchActivity (from package com.google.android.googlequicksearchbox)
// Seeded: 44195
// Event percentages:
//   0: 15.0%
//   1: 10.0%
//   2: 2.0%
//   3: 15.0%
//   4: -0.0%
//   5: -0.0%
//   6: 25.0%
//   7: 15.0%
//   8: 2.0%
//   9: 2.0%
//   10: 1.0%
//   11: 13.0%
:Switch: #Intent;action=android.intent.action.MAIN;category=android.intent.category.LAUNCHER;launchFlags=0x10200000;component=com.android.settings/.Settings;end
    // Allowing start of Intent { act=android.intent.action.MAIN cat=[android.intent.category.LAUNCHER] cmp=com.android.settings/.Settings } in package com.android.settings
Sleeping for 300 milliseconds
:Sending Key (ACTION_DOWN): 23    // KEYCODE_DPAD_CENTER
:Sending Key (ACTION_UP): 23    // KEYCODE_DPAD_CENTER
Sleeping for 300 milliseconds
:Sending Trackball (ACTION_MOVE): 0:(4.0,-2.0)
:Sending Trackball (ACTION_MOVE): 0:(3.0,3.0)
:Sending Trackball (ACTION_MOVE): 0:(3.0,-5.0)
:Sending Trackball (ACTION_MOVE): 0:(4.0,-5.0)
:Sending Trackball (ACTION_MOVE): 0:(3.0,0.0)
:Sending Trackball (ACTION_MOVE): 0:(0.0,3.0)
:Sending Trackball (ACTION_MOVE): 0:(-3.0,3.0)
:Sending Trackball (ACTION_MOVE): 0:(3.0,1.0)
:Sending Trackball (ACTION_MOVE): 0:(-5.0,2.0)
:Sending Trackball (ACTION_MOVE): 0:(3.0,-4.0)
:Sending Key (ACTION_DOWN): 64    // KEYCODE_EXPLORER
    // Rejecting start of Intent { act=android.intent.action.MAIN cat=[android.intent.category.LAUNCHER] cmp=com.android.chrome/com.google.android.apps.chrome.Main } in package com.android.chrome
:Sending Key (ACTION_UP): 64    // KEYCODE_EXPLORER
Sleeping for 300 milliseconds
:Sending Touch (ACTION_DOWN): 0:(495.0,507.0)
:Sending Touch (ACTION_UP): 0:(481.6659,504.87363)
Sleeping for 300 milliseconds
    // Allowing start of Intent { cmp=com.android.settings/.Settings$PowerUsageSummaryActivity } in package com.android.settings
:Sending Touch (ACTION_DOWN): 0:(382.0,114.0)
:Sending Touch (ACTION_UP): 0:(385.72208,107.09443)
Sleeping for 300 milliseconds
    // Allowing start of Intent { act=android.intent.action.MAIN cmp=com.android.settings/.SubSettings } in package com.android.settings
:Sending Trackball (ACTION_MOVE): 0:(4.0,-3.0)
:Sending Trackball (ACTION_MOVE): 0:(0.0,-3.0)
:Sending Trackball (ACTION_MOVE): 0:(-4.0,4.0)
:Sending Trackball (ACTION_MOVE): 0:(3.0,-2.0)
:Sending Trackball (ACTION_MOVE): 0:(-1.0,3.0)
:Sending Trackball (ACTION_MOVE): 0:(-5.0,1.0)
:Sending Trackball (ACTION_MOVE): 0:(0.0,-5.0)
:Sending Trackball (ACTION_MOVE): 0:(2.0,-1.0)
:Sending Trackball (ACTION_MOVE): 0:(3.0,2.0)
:Sending Trackball (ACTION_MOVE): 0:(0.0,2.0)
:Sending Trackball (ACTION_MOVE): 0:(0.0,1.0)
:Sending Trackball (ACTION_MOVE): 0:(-3.0,0.0)
:Sending Trackball (ACTION_MOVE): 0:(-3.0,-3.0)
:Sending Trackball (ACTION_MOVE): 0:(-2.0,3.0)
:Sending Trackball (ACTION_MOVE): 0:(-4.0,1.0)
:Sending Trackball (ACTION_MOVE): 0:(-1.0,-3.0)
:Sending Trackball (ACTION_MOVE): 0:(-5.0,3.0)
:Sending Trackball (ACTION_MOVE): 0:(-3.0,-3.0)
:Sending Trackball (ACTION_MOVE): 0:(-4.0,-4.0)
:Sending Trackball (ACTION_MOVE): 0:(3.0,-3.0)
:Sending Touch (ACTION_DOWN): 0:(1071.0,362.0)
:Sending Touch (ACTION_MOVE): 0:(1068.285,360.60266)
:Sending Touch (ACTION_MOVE): 0:(1057.8173,359.8991)
:Sending Touch (ACTION_MOVE): 0:(1056.2382,358.54016)
:Sending Touch (ACTION_MOVE): 0:(1044.0514,358.2684)
:Sending Touch (ACTION_MOVE): 0:(1033.9744,357.54053)
:Sending Touch (ACTION_MOVE): 0:(1022.52246,356.6761)
:Sending Touch (ACTION_MOVE): 0:(1016.12506,355.87637)
:Sending Touch (ACTION_MOVE): 0:(1015.45166,354.32507)
:Sending Touch (ACTION_UP): 0:(1008.0841,352.80106)
Sleeping for 300 milliseconds
:Sending Touch (ACTION_DOWN): 0:(1018.0,315.0)
:Sending Touch (ACTION_UP): 0:(1010.1737,328.48444)
Sleeping for 300 milliseconds
:Sending Key (ACTION_DOWN): 22    // KEYCODE_DPAD_RIGHT
:Sending Key (ACTION_UP): 22    // KEYCODE_DPAD_RIGHT
Sleeping for 300 milliseconds
:Switch: #Intent;action=android.intent.action.MAIN;category=android.intent.category.LAUNCHER;launchFlags=0x10200000;component=com.android.settings/.Settings%24StorageUseActivity;end
    // Allowing start of Intent { act=android.intent.action.MAIN cat=[android.intent.category.LAUNCHER] cmp=com.android.settings/.Settings$StorageUseActivity } in package com.android.settings
Sleeping for 300 milliseconds
:Sending Key (ACTION_DOWN): 20    // KEYCODE_DPAD_DOWN
:Sending Key (ACTION_UP): 20    // KEYCODE_DPAD_DOWN
Sleeping for 300 milliseconds
:Sending Key (ACTION_DOWN): 20    // KEYCODE_DPAD_DOWN
:Sending Key (ACTION_UP): 20    // KEYCODE_DPAD_DOWN
Sleeping for 300 milliseconds
:Sending Key (ACTION_DOWN): 260    // KEYCODE_NAVIGATE_PREVIOUS
:Sending Key (ACTION_UP): 260    // KEYCODE_NAVIGATE_PREVIOUS
Sleeping for 300 milliseconds
:Sending Touch (ACTION_DOWN): 0:(1452.0,83.0)
:Sending Touch (ACTION_UP): 0:(1448.8435,82.794)
Sleeping for 300 milliseconds
:Sending Touch (ACTION_DOWN): 0:(1717.0,181.0)
:Sending Touch (ACTION_MOVE): 0:(1728.7395,192.1629)
:Sending Touch (ACTION_MOVE): 0:(1736.8252,200.28499)
:Sending Touch (ACTION_MOVE): 0:(1756.0852,216.50081)
:Sending Touch (ACTION_MOVE): 0:(1763.9657,229.94331)
:Sending Touch (ACTION_MOVE): 0:(1774.135,233.42307)
:Sending Touch (ACTION_MOVE): 0:(1791.345,238.28871)
:Sending Touch (ACTION_MOVE): 0:(1806.2573,253.16016)
:Sending Touch (ACTION_MOVE): 0:(1813.6434,262.82935)
:Sending Touch (ACTION_UP): 0:(1819.0387,266.31125)
Sleeping for 300 milliseconds
:Sending Trackball (ACTION_MOVE): 0:(-2.0,0.0)
:Sending Trackball (ACTION_MOVE): 0:(1.0,2.0)
:Sending Trackball (ACTION_MOVE): 0:(-4.0,2.0)
:Sending Trackball (ACTION_MOVE): 0:(1.0,-5.0)
:Sending Trackball (ACTION_MOVE): 0:(3.0,0.0)
:Sending Trackball (ACTION_MOVE): 0:(-4.0,-1.0)
:Sending Trackball (ACTION_MOVE): 0:(-5.0,0.0)
:Sending Trackball (ACTION_MOVE): 0:(0.0,2.0)
:Sending Trackball (ACTION_MOVE): 0:(2.0,4.0)
:Sending Trackball (ACTION_MOVE): 0:(-3.0,-1.0)
:Sending Key (ACTION_DOWN): 22    // KEYCODE_DPAD_RIGHT
:Sending Key (ACTION_UP): 22    // KEYCODE_DPAD_RIGHT
Sleeping for 300 milliseconds
:Sending Key (ACTION_DOWN): 48    // KEYCODE_T
:Sending Key (ACTION_UP): 48    // KEYCODE_T
Sleeping for 300 milliseconds
:Sending Touch (ACTION_DOWN): 0:(887.0,26.0)
:Sending Touch (ACTION_UP): 0:(885.67285,15.563481)
Sleeping for 300 milliseconds
:Sending Touch (ACTION_DOWN): 0:(1563.0,478.0)
:Sending Touch (ACTION_UP): 0:(1563.036,480.6626)
Sleeping for 300 milliseconds
:Sending Trackball (ACTION_MOVE): 0:(-1.0,4.0)
:Sending Trackball (ACTION_MOVE): 0:(2.0,-4.0)
:Sending Trackball (ACTION_MOVE): 0:(0.0,0.0)
:Sending Trackball (ACTION_MOVE): 0:(0.0,-3.0)
:Sending Trackball (ACTION_MOVE): 0:(-3.0,-4.0)
:Sending Trackball (ACTION_MOVE): 0:(-1.0,1.0)
:Sending Trackball (ACTION_MOVE): 0:(4.0,4.0)
:Sending Trackball (ACTION_MOVE): 0:(3.0,4.0)
:Sending Trackball (ACTION_MOVE): 0:(-1.0,2.0)
:Sending Trackball (ACTION_MOVE): 0:(1.0,2.0)
    //[calendar_time:2020-12-06 17:26:25.401  system_uptime:1325874]
    // Sending event #100
:Sending Key (ACTION_DOWN): 21    // KEYCODE_DPAD_LEFT
:Sending Key (ACTION_UP): 21    // KEYCODE_DPAD_LEFT
Sleeping for 300 milliseconds
:Sending Key (ACTION_DOWN): 54    // KEYCODE_Z
:Sending Key (ACTION_UP): 54    // KEYCODE_Z
Sleeping for 300 milliseconds
:Sending Key (ACTION_DOWN): 21    // KEYCODE_DPAD_LEFT
:Sending Key (ACTION_UP): 21    // KEYCODE_DPAD_LEFT
Sleeping for 300 milliseconds
:Sending Key (ACTION_DOWN): 186    // KEYCODE_PROG_BLUE
:Sending Key (ACTION_UP): 186    // KEYCODE_PROG_BLUE
Sleeping for 300 milliseconds
:Sending Key (ACTION_DOWN): 19    // KEYCODE_DPAD_UP
:Sending Key (ACTION_UP): 19    // KEYCODE_DPAD_UP
Sleeping for 300 milliseconds
:Switch: #Intent;action=android.intent.action.MAIN;category=android.intent.category.LAUNCHER;launchFlags=0x10200000;component=com.android.settings/.Settings%24StorageUseActivity;end
    // Allowing start of Intent { act=android.intent.action.MAIN cat=[android.intent.category.LAUNCHER] cmp=com.android.settings/.Settings$StorageUseActivity } in package com.android.settings
Sleeping for 300 milliseconds
:Sending Key (ACTION_DOWN): 39    // KEYCODE_K
:Sending Key (ACTION_UP): 39    // KEYCODE_K
Sleeping for 300 milliseconds
:Sending Touch (ACTION_DOWN): 0:(966.0,369.0)
:Sending Touch (ACTION_UP): 0:(979.94855,360.73358)
Sleeping for 300 milliseconds
:Sending Key (ACTION_DOWN): 19    // KEYCODE_DPAD_UP
:Sending Key (ACTION_UP): 19    // KEYCODE_DPAD_UP
Sleeping for 300 milliseconds
:Sending Key (ACTION_DOWN): 23    // KEYCODE_DPAD_CENTER
:Sending Key (ACTION_UP): 23    // KEYCODE_DPAD_CENTER
Sleeping for 300 milliseconds
    // Allowing start of Intent { act=android.intent.action.MAIN cmp=com.android.settings/.SubSettings } in package com.android.settings
:Sending Key (ACTION_DOWN): 22    // KEYCODE_DPAD_RIGHT
:Sending Key (ACTION_UP): 22    // KEYCODE_DPAD_RIGHT
Sleeping for 300 milliseconds
:Sending Touch (ACTION_DOWN): 0:(1449.0,577.0)
:Sending Touch (ACTION_UP): 0:(1461.5033,569.31537)
Sleeping for 300 milliseconds
    // Allowing start of Intent { act=android.intent.action.MAIN cmp=com.android.settings/.SubSettings } in package com.android.settings
:Sending Touch (ACTION_DOWN): 0:(831.0,654.0)
:Sending Touch (ACTION_UP): 0:(830.57056,652.73193)
Sleeping for 300 milliseconds
:Sending Trackball (ACTION_MOVE): 0:(-4.0,0.0)
:Sending Trackball (ACTION_MOVE): 0:(-4.0,-5.0)
:Sending Trackball (ACTION_MOVE): 0:(-2.0,4.0)
:Sending Trackball (ACTION_MOVE): 0:(-4.0,4.0)
:Sending Trackball (ACTION_MOVE): 0:(-4.0,-4.0)
:Sending Trackball (ACTION_MOVE): 0:(3.0,-4.0)
:Sending Trackball (ACTION_MOVE): 0:(0.0,-1.0)
:Sending Trackball (ACTION_MOVE): 0:(-1.0,3.0)
:Sending Trackball (ACTION_MOVE): 0:(-1.0,-5.0)
:Sending Trackball (ACTION_MOVE): 0:(2.0,3.0)
:Sending Key (ACTION_DOWN): 22    // KEYCODE_DPAD_RIGHT
:Sending Key (ACTION_UP): 22    // KEYCODE_DPAD_RIGHT
Sleeping for 300 milliseconds
:Sending Touch (ACTION_DOWN): 0:(132.0,46.0)
:Sending Touch (ACTION_UP): 0:(145.42183,62.79651)
Sleeping for 300 milliseconds
:Sending Trackball (ACTION_MOVE): 0:(0.0,4.0)
:Sending Trackball (ACTION_MOVE): 0:(3.0,-4.0)
:Sending Trackball (ACTION_MOVE): 0:(-1.0,2.0)
:Sending Trackball (ACTION_MOVE): 0:(-4.0,-5.0)
:Sending Trackball (ACTION_MOVE): 0:(3.0,-5.0)
:Sending Trackball (ACTION_MOVE): 0:(1.0,4.0)
:Sending Trackball (ACTION_MOVE): 0:(-2.0,-3.0)
:Sending Trackball (ACTION_MOVE): 0:(-2.0,2.0)
:Sending Trackball (ACTION_MOVE): 0:(-3.0,-4.0)
:Sending Trackball (ACTION_MOVE): 0:(2.0,4.0)
:Sending Key (ACTION_DOWN): 132    // KEYCODE_F2
:Sending Key (ACTION_UP): 132    // KEYCODE_F2
Sleeping for 300 milliseconds
:Sending Key (ACTION_DOWN): 22    // KEYCODE_DPAD_RIGHT
:Sending Key (ACTION_UP): 22    // KEYCODE_DPAD_RIGHT
Sleeping for 300 milliseconds
:Sending Key (ACTION_DOWN): 197    // KEYCODE_BUTTON_10
:Sending Key (ACTION_UP): 197    // KEYCODE_BUTTON_10
Sleeping for 300 milliseconds
:Sending Key (ACTION_DOWN): 20    // KEYCODE_DPAD_DOWN
:Sending Key (ACTION_UP): 20    // KEYCODE_DPAD_DOWN
Sleeping for 300 milliseconds
:Sending Touch (ACTION_DOWN): 0:(1087.0,22.0)
:Sending Touch (ACTION_UP): 0:(1093.269,38.589344)
Sleeping for 300 milliseconds
:Sending Touch (ACTION_DOWN): 0:(531.0,566.0)
:Sending Touch (ACTION_UP): 0:(514.6579,584.1297)
Sleeping for 300 milliseconds
    // Allowing start of Intent { act=android.intent.action.MAIN cmp=com.android.settings/.SubSettings } in package com.android.settings
:Sending Key (ACTION_DOWN): 21    // KEYCODE_DPAD_LEFT
:Sending Key (ACTION_UP): 21    // KEYCODE_DPAD_LEFT
Sleeping for 300 milliseconds
:Sending Key (ACTION_DOWN): 22    // KEYCODE_DPAD_RIGHT
:Sending Key (ACTION_UP): 22    // KEYCODE_DPAD_RIGHT
Sleeping for 300 milliseconds
:Sending Touch (ACTION_DOWN): 0:(426.0,144.0)
:Sending Touch (ACTION_MOVE): 0:(427.22058,147.20631)
:Sending Touch (ACTION_UP): 0:(432.0468,148.35345)
Sleeping for 300 milliseconds
:Sending Touch (ACTION_DOWN): 0:(1498.0,516.0)
:Sending Touch (ACTION_UP): 0:(1507.2931,530.788)
Sleeping for 300 milliseconds
:Sending Key (ACTION_DOWN): 205    // KEYCODE_MANNER_MODE
:Sending Key (ACTION_UP): 205    // KEYCODE_MANNER_MODE
Sleeping for 300 milliseconds
:Sending Key (ACTION_DOWN): 20    // KEYCODE_DPAD_DOWN
:Sending Key (ACTION_UP): 20    // KEYCODE_DPAD_DOWN
Sleeping for 300 milliseconds
:Sending Key (ACTION_DOWN): 82    // KEYCODE_MENU
:Sending Key (ACTION_UP): 82    // KEYCODE_MENU
Sleeping for 300 milliseconds
:Sending Touch (ACTION_DOWN): 0:(306.0,266.0)
:Sending Touch (ACTION_UP): 0:(300.08612,282.48843)
Sleeping for 300 milliseconds
:Sending Touch (ACTION_DOWN): 0:(1028.0,529.0)
:Sending Touch (ACTION_UP): 0:(1024.8853,527.6429)
Sleeping for 300 milliseconds
:Sending Touch (ACTION_DOWN): 0:(1337.0,606.0)
:Sending Touch (ACTION_MOVE): 0:(1347.6948,602.6543)
:Sending Touch (ACTION_MOVE): 0:(1349.8418,595.2433)
:Sending Touch (ACTION_MOVE): 0:(1357.7153,593.4454)
:Sending Touch (ACTION_UP): 0:(1358.2864,587.52155)
Sleeping for 300 milliseconds
:Sending Touch (ACTION_DOWN): 0:(1096.0,349.0)
:Sending Touch (ACTION_UP): 0:(1093.2845,351.09357)
Sleeping for 300 milliseconds
:Sending Touch (ACTION_DOWN): 0:(1304.0,412.0)
:Sending Touch (ACTION_UP): 0:(1307.0851,419.2441)
Sleeping for 300 milliseconds
:Sending Key (ACTION_DOWN): 20    // KEYCODE_DPAD_DOWN
:Sending Key (ACTION_UP): 20    // KEYCODE_DPAD_DOWN
Sleeping for 300 milliseconds
:Sending Touch (ACTION_DOWN): 0:(534.0,491.0)
:Sending Touch (ACTION_UP): 0:(537.833,493.76294)
Sleeping for 300 milliseconds
:Sending Touch (ACTION_DOWN): 0:(369.0,387.0)
:Sending Touch (ACTION_MOVE): 0:(367.39288,382.31375)
:Sending Touch (ACTION_MOVE): 0:(364.51126,375.96045)
:Sending Touch (ACTION_MOVE): 0:(356.40662,375.01172)
:Sending Touch (ACTION_MOVE): 0:(354.1087,371.61923)
:Sending Touch (ACTION_MOVE): 0:(352.9861,370.313)
:Sending Touch (ACTION_MOVE): 0:(349.72513,366.17297)
    //[calendar_time:2020-12-06 17:26:36.172  system_uptime:1336644]
    // Sending event #200
:Sending Touch (ACTION_MOVE): 0:(343.96228,357.1732)
:Sending Touch (ACTION_MOVE): 0:(337.25827,353.3328)
:Sending Touch (ACTION_UP): 0:(329.5094,347.94724)
Sleeping for 300 milliseconds
:Sending Key (ACTION_DOWN): 92    // KEYCODE_PAGE_UP
:Sending Key (ACTION_UP): 92    // KEYCODE_PAGE_UP
Sleeping for 300 milliseconds
:Sending Trackball (ACTION_MOVE): 0:(-4.0,0.0)
:Sending Trackball (ACTION_MOVE): 0:(1.0,0.0)
:Sending Trackball (ACTION_MOVE): 0:(-3.0,4.0)
:Sending Trackball (ACTION_MOVE): 0:(-4.0,3.0)
:Sending Trackball (ACTION_MOVE): 0:(-2.0,3.0)
:Sending Trackball (ACTION_MOVE): 0:(-2.0,-5.0)
:Sending Trackball (ACTION_MOVE): 0:(3.0,2.0)
:Sending Trackball (ACTION_MOVE): 0:(1.0,-4.0)
:Sending Trackball (ACTION_MOVE): 0:(0.0,3.0)
:Sending Trackball (ACTION_MOVE): 0:(0.0,3.0)
:Sending Key (ACTION_DOWN): 167    // KEYCODE_CHANNEL_DOWN
:Sending Key (ACTION_UP): 167    // KEYCODE_CHANNEL_DOWN
Sleeping for 300 milliseconds
:Sending Trackball (ACTION_MOVE): 0:(0.0,0.0)
:Sending Trackball (ACTION_MOVE): 0:(-4.0,2.0)
:Sending Trackball (ACTION_MOVE): 0:(0.0,0.0)
:Sending Trackball (ACTION_MOVE): 0:(-1.0,-5.0)
:Sending Trackball (ACTION_MOVE): 0:(4.0,-5.0)
:Sending Trackball (ACTION_MOVE): 0:(3.0,3.0)
:Sending Trackball (ACTION_MOVE): 0:(-3.0,0.0)
:Sending Trackball (ACTION_MOVE): 0:(1.0,-5.0)
:Sending Trackball (ACTION_MOVE): 0:(-2.0,1.0)
:Sending Trackball (ACTION_MOVE): 0:(2.0,1.0)
:Sending Key (ACTION_DOWN): 21    // KEYCODE_DPAD_LEFT
:Sending Key (ACTION_UP): 21    // KEYCODE_DPAD_LEFT
Sleeping for 300 milliseconds
:Sending Touch (ACTION_DOWN): 0:(424.0,357.0)
:Sending Touch (ACTION_MOVE): 0:(420.00214,334.6848)
:Sending Touch (ACTION_MOVE): 0:(418.70123,315.8626)
:Sending Touch (ACTION_MOVE): 0:(407.21353,306.25064)
:Sending Touch (ACTION_MOVE): 0:(403.47833,294.87946)
:Sending Touch (ACTION_MOVE): 0:(395.9799,285.58795)
:Sending Touch (ACTION_MOVE): 0:(392.95953,267.7162)
:Sending Touch (ACTION_MOVE): 0:(379.38434,266.93054)
:Sending Touch (ACTION_MOVE): 0:(374.56897,262.54147)
:Sending Touch (ACTION_MOVE): 0:(367.66647,249.28322)
:Sending Touch (ACTION_UP): 0:(364.2075,227.49481)
Sleeping for 300 milliseconds
:Sending Key (ACTION_DOWN): 22    // KEYCODE_DPAD_RIGHT
:Sending Key (ACTION_UP): 22    // KEYCODE_DPAD_RIGHT
Sleeping for 300 milliseconds
:Sending Key (ACTION_DOWN): 19    // KEYCODE_DPAD_UP
:Sending Key (ACTION_UP): 19    // KEYCODE_DPAD_UP
Sleeping for 300 milliseconds
:Sending Flip keyboardOpen=false
Sleeping for 300 milliseconds
:Sending Touch (ACTION_DOWN): 0:(378.0,501.0)
:Sending Touch (ACTION_MOVE): 0:(378.25992,487.4832)
:Sending Touch (ACTION_MOVE): 0:(384.9319,482.70883)
:Sending Touch (ACTION_MOVE): 0:(395.88345,471.09866)
:Sending Touch (ACTION_MOVE): 0:(398.10718,463.02948)
:Sending Touch (ACTION_MOVE): 0:(402.3552,459.2425)
:Sending Touch (ACTION_MOVE): 0:(403.62073,447.72623)
:Sending Touch (ACTION_MOVE): 0:(410.69647,439.69638)
:Sending Touch (ACTION_UP): 0:(420.1429,430.53473)
Sleeping for 300 milliseconds
:Sending Trackball (ACTION_MOVE): 0:(-3.0,-2.0)
:Sending Trackball (ACTION_MOVE): 0:(1.0,3.0)
:Sending Trackball (ACTION_MOVE): 0:(1.0,-4.0)
:Sending Trackball (ACTION_MOVE): 0:(2.0,4.0)
:Sending Trackball (ACTION_MOVE): 0:(-4.0,0.0)
:Sending Trackball (ACTION_MOVE): 0:(-1.0,4.0)
:Sending Trackball (ACTION_MOVE): 0:(-2.0,-1.0)
:Sending Trackball (ACTION_MOVE): 0:(-5.0,0.0)
:Sending Trackball (ACTION_MOVE): 0:(2.0,-3.0)
:Sending Trackball (ACTION_MOVE): 0:(4.0,2.0)
:Sending Key (ACTION_DOWN): 5    // KEYCODE_CALL
:Sending Key (ACTION_UP): 5    // KEYCODE_CALL
Sleeping for 300 milliseconds
    // Rejecting start of Intent { act=android.intent.action.CALL_BUTTON cmp=com.google.android.dialer/com.google.android.apps.dialer.extensions.GoogleDialtactsActivity } in package com.google.android.dialer
:Sending Trackball (ACTION_MOVE): 0:(0.0,-5.0)
:Sending Trackball (ACTION_MOVE): 0:(-1.0,2.0)
:Sending Trackball (ACTION_MOVE): 0:(1.0,-2.0)
:Sending Trackball (ACTION_MOVE): 0:(-5.0,-4.0)
:Sending Trackball (ACTION_MOVE): 0:(3.0,-5.0)
:Sending Trackball (ACTION_MOVE): 0:(-1.0,0.0)
:Sending Trackball (ACTION_MOVE): 0:(-1.0,0.0)
:Sending Trackball (ACTION_MOVE): 0:(1.0,-4.0)
:Sending Trackball (ACTION_MOVE): 0:(-5.0,4.0)
:Sending Trackball (ACTION_MOVE): 0:(1.0,4.0)
:Sending Trackball (ACTION_DOWN): 0:(0.0,0.0)
:Sending Trackball (ACTION_UP): 0:(0.0,0.0)
Sleeping for 300 milliseconds
:Sending Key (ACTION_DOWN): 21    // KEYCODE_DPAD_LEFT
:Sending Key (ACTION_UP): 21    // KEYCODE_DPAD_LEFT
Sleeping for 300 milliseconds
:Switch: #Intent;action=android.intent.action.MAIN;category=android.intent.category.LAUNCHER;launchFlags=0x10200000;component=com.android.settings/.Settings%24StorageUseActivity;end
    // Allowing start of Intent { act=android.intent.action.MAIN cat=[android.intent.category.LAUNCHER] cmp=com.android.settings/.Settings$StorageUseActivity } in package com.android.settings
Sleeping for 300 milliseconds
:Sending Touch (ACTION_DOWN): 0:(722.0,122.0)
:Sending Touch (ACTION_MOVE): 0:(725.6769,113.394806)
:Sending Touch (ACTION_MOVE): 0:(729.82385,101.40651)
:Sending Touch (ACTION_UP): 0:(733.7814,99.91065)
Sleeping for 300 milliseconds
:Sending Key (ACTION_DOWN): 19    // KEYCODE_DPAD_UP
:Sending Key (ACTION_UP): 19    // KEYCODE_DPAD_UP
Sleeping for 300 milliseconds
:Sending Touch (ACTION_DOWN): 0:(986.0,169.0)
:Sending Touch (ACTION_UP): 0:(996.21533,172.06447)
Sleeping for 300 milliseconds
:Sending Key (ACTION_DOWN): 23    // KEYCODE_DPAD_CENTER
:Sending Key (ACTION_UP): 23    // KEYCODE_DPAD_CENTER
Sleeping for 300 milliseconds
:Sending Key (ACTION_DOWN): 21    // KEYCODE_DPAD_LEFT
:Sending Key (ACTION_UP): 21    // KEYCODE_DPAD_LEFT
Sleeping for 300 milliseconds
:Sending Key (ACTION_DOWN): 21    // KEYCODE_DPAD_LEFT
:Sending Key (ACTION_UP): 21    // KEYCODE_DPAD_LEFT
Sleeping for 300 milliseconds
:Sending Key (ACTION_DOWN): 251    // KEYCODE_TV_INPUT_VGA_1
:Sending Key (ACTION_UP): 251    // KEYCODE_TV_INPUT_VGA_1
Sleeping for 300 milliseconds
:Sending Key (ACTION_DOWN): 82    // KEYCODE_MENU
:Sending Key (ACTION_UP): 82    // KEYCODE_MENU
Sleeping for 300 milliseconds
:Sending Touch (ACTION_DOWN): 0:(1507.0,35.0)
    //[calendar_time:2020-12-06 17:26:42.743  system_uptime:1343215]
    // Sending event #300
:Sending Touch (ACTION_UP): 0:(1514.6887,43.345375)
Sleeping for 300 milliseconds
:Sending Trackball (ACTION_MOVE): 0:(0.0,2.0)
:Sending Trackball (ACTION_MOVE): 0:(-3.0,-3.0)
:Sending Trackball (ACTION_MOVE): 0:(-2.0,-3.0)
:Sending Trackball (ACTION_MOVE): 0:(-1.0,4.0)
:Sending Trackball (ACTION_MOVE): 0:(3.0,-4.0)
:Sending Trackball (ACTION_MOVE): 0:(0.0,2.0)
:Sending Trackball (ACTION_MOVE): 0:(0.0,-4.0)
:Sending Trackball (ACTION_MOVE): 0:(-4.0,-1.0)
:Sending Trackball (ACTION_MOVE): 0:(-5.0,3.0)
:Sending Trackball (ACTION_MOVE): 0:(-3.0,1.0)
:Sending Key (ACTION_DOWN): 19    // KEYCODE_DPAD_UP
:Sending Key (ACTION_UP): 19    // KEYCODE_DPAD_UP
Sleeping for 300 milliseconds
:Sending Key (ACTION_DOWN): 21    // KEYCODE_DPAD_LEFT
:Sending Key (ACTION_UP): 21    // KEYCODE_DPAD_LEFT
Sleeping for 300 milliseconds
:Sending Key (ACTION_DOWN): 23    // KEYCODE_DPAD_CENTER
:Sending Key (ACTION_UP): 23    // KEYCODE_DPAD_CENTER
Sleeping for 300 milliseconds
:Sending Key (ACTION_DOWN): 82    // KEYCODE_MENU
:Sending Key (ACTION_UP): 82    // KEYCODE_MENU
Sleeping for 300 milliseconds
:Sending Touch (ACTION_DOWN): 0:(602.0,316.0)
:Sending Touch (ACTION_UP): 0:(602.2476,316.10135)
Sleeping for 300 milliseconds
:Sending Key (ACTION_DOWN): 23    // KEYCODE_DPAD_CENTER
:Sending Key (ACTION_UP): 23    // KEYCODE_DPAD_CENTER
Sleeping for 300 milliseconds
:Sending Key (ACTION_DOWN): 23    // KEYCODE_DPAD_CENTER
:Sending Key (ACTION_UP): 23    // KEYCODE_DPAD_CENTER
Sleeping for 300 milliseconds
:Sending Key (ACTION_DOWN): 20    // KEYCODE_DPAD_DOWN
:Sending Key (ACTION_UP): 20    // KEYCODE_DPAD_DOWN
Sleeping for 300 milliseconds
:Sending Key (ACTION_DOWN): 221    // KEYCODE_BRIGHTNESS_UP
    // Rejecting start of Intent { act=com.android.intent.action.SHOW_BRIGHTNESS_DIALOG cmp=com.android.systemui/.settings.BrightnessDialog } in package com.android.systemui
:Sending Key (ACTION_UP): 221    // KEYCODE_BRIGHTNESS_UP
Sleeping for 300 milliseconds
:Sending Key (ACTION_DOWN): 28    // KEYCODE_CLEAR
:Sending Key (ACTION_UP): 28    // KEYCODE_CLEAR
Sleeping for 300 milliseconds
:Sending Key (ACTION_DOWN): 19    // KEYCODE_DPAD_UP
:Sending Key (ACTION_UP): 19    // KEYCODE_DPAD_UP
Sleeping for 300 milliseconds
:Sending Key (ACTION_DOWN): 82    // KEYCODE_MENU
:Sending Key (ACTION_UP): 82    // KEYCODE_MENU
Sleeping for 300 milliseconds
:Sending Key (ACTION_DOWN): 82    // KEYCODE_MENU
:Sending Key (ACTION_UP): 82    // KEYCODE_MENU
Sleeping for 300 milliseconds
:Sending Key (ACTION_DOWN): 22    // KEYCODE_DPAD_RIGHT
:Sending Key (ACTION_UP): 22    // KEYCODE_DPAD_RIGHT
Sleeping for 300 milliseconds
:Sending Trackball (ACTION_MOVE): 0:(0.0,0.0)
:Sending Trackball (ACTION_MOVE): 0:(-1.0,3.0)
:Sending Trackball (ACTION_MOVE): 0:(-4.0,2.0)
:Sending Trackball (ACTION_MOVE): 0:(2.0,0.0)
:Sending Trackball (ACTION_MOVE): 0:(-2.0,-1.0)
:Sending Trackball (ACTION_MOVE): 0:(-4.0,-4.0)
:Sending Trackball (ACTION_MOVE): 0:(4.0,-4.0)
:Sending Trackball (ACTION_MOVE): 0:(-4.0,-1.0)
:Sending Trackball (ACTION_MOVE): 0:(-3.0,-3.0)
:Sending Trackball (ACTION_MOVE): 0:(-1.0,3.0)
:Sending Touch (ACTION_DOWN): 0:(1626.0,566.0)
:Sending Touch (ACTION_MOVE): 0:(1623.6571,581.02106)
:Sending Touch (ACTION_MOVE): 0:(1620.9778,593.9214)
:Sending Touch (ACTION_UP): 0:(1612.4226,609.5161)
Sleeping for 300 milliseconds
:Sending Touch (ACTION_DOWN): 0:(867.0,439.0)
:Sending Touch (ACTION_UP): 0:(879.401,424.46503)
Sleeping for 300 milliseconds
:Sending Touch (ACTION_DOWN): 0:(1042.0,2.0)
:Sending Touch (ACTION_MOVE): 0:(1017.34314,2.572066)
:Sending Touch (ACTION_MOVE): 0:(1008.98566,10.068525)
:Sending Touch (ACTION_MOVE): 0:(989.45276,25.189152)
:Sending Touch (ACTION_MOVE): 0:(969.53357,26.862444)
:Sending Touch (ACTION_MOVE): 0:(966.7342,38.115776)
:Sending Touch (ACTION_MOVE): 0:(942.882,46.44185)
:Sending Touch (ACTION_MOVE): 0:(934.4551,54.594837)
:Sending Touch (ACTION_MOVE): 0:(924.00195,62.28377)
:Sending Touch (ACTION_UP): 0:(906.79254,65.5727)
Sleeping for 300 milliseconds
:Sending Key (ACTION_DOWN): 22    // KEYCODE_DPAD_RIGHT
:Sending Key (ACTION_UP): 22    // KEYCODE_DPAD_RIGHT
Sleeping for 300 milliseconds
:Sending Touch (ACTION_DOWN): 0:(1323.0,503.0)
:Sending Touch (ACTION_MOVE): 0:(1329.309,498.6257)
:Sending Touch (ACTION_MOVE): 0:(1332.8496,480.49286)
:Sending Touch (ACTION_MOVE): 0:(1333.5012,458.67075)
:Sending Touch (ACTION_MOVE): 0:(1344.7499,452.93332)
:Sending Touch (ACTION_UP): 0:(1366.4078,435.0065)
Sleeping for 300 milliseconds
:Sending Key (ACTION_DOWN): 82    // KEYCODE_MENU
:Sending Key (ACTION_UP): 82    // KEYCODE_MENU
Sleeping for 300 milliseconds
:Sending Key (ACTION_DOWN): 21    // KEYCODE_DPAD_LEFT
:Sending Key (ACTION_UP): 21    // KEYCODE_DPAD_LEFT
Sleeping for 300 milliseconds
:Sending Trackball (ACTION_MOVE): 0:(1.0,2.0)
:Sending Trackball (ACTION_MOVE): 0:(-3.0,0.0)
:Sending Trackball (ACTION_MOVE): 0:(3.0,3.0)
:Sending Trackball (ACTION_MOVE): 0:(-2.0,-4.0)
:Sending Trackball (ACTION_MOVE): 0:(3.0,3.0)
:Sending Trackball (ACTION_MOVE): 0:(-4.0,2.0)
:Sending Trackball (ACTION_MOVE): 0:(-2.0,-5.0)
:Sending Trackball (ACTION_MOVE): 0:(3.0,-2.0)
:Sending Trackball (ACTION_MOVE): 0:(0.0,-1.0)
:Sending Trackball (ACTION_MOVE): 0:(0.0,3.0)
:Sending Trackball (ACTION_MOVE): 0:(-4.0,-5.0)
:Sending Trackball (ACTION_MOVE): 0:(3.0,1.0)
:Sending Trackball (ACTION_MOVE): 0:(1.0,2.0)
:Sending Trackball (ACTION_MOVE): 0:(-4.0,4.0)
:Sending Trackball (ACTION_MOVE): 0:(1.0,-3.0)
:Sending Trackball (ACTION_MOVE): 0:(-2.0,-4.0)
:Sending Trackball (ACTION_MOVE): 0:(-5.0,-2.0)
:Sending Trackball (ACTION_MOVE): 0:(4.0,2.0)
:Sending Trackball (ACTION_MOVE): 0:(2.0,-1.0)
:Sending Trackball (ACTION_MOVE): 0:(3.0,-5.0)
:Sending Key (ACTION_DOWN): 22    // KEYCODE_DPAD_RIGHT
:Sending Key (ACTION_UP): 22    // KEYCODE_DPAD_RIGHT
Sleeping for 300 milliseconds
:Sending Key (ACTION_DOWN): 19    // KEYCODE_DPAD_UP
    //[calendar_time:2020-12-06 17:26:49.857  system_uptime:1350330]
    // Sending event #400
:Sending Key (ACTION_UP): 19    // KEYCODE_DPAD_UP
Sleeping for 300 milliseconds
:Sending Key (ACTION_DOWN): 22    // KEYCODE_DPAD_RIGHT
:Sending Key (ACTION_UP): 22    // KEYCODE_DPAD_RIGHT
Sleeping for 300 milliseconds
:Sending Touch (ACTION_DOWN): 0:(232.0,562.0)
:Sending Touch (ACTION_POINTER_DOWN 1): 0:(231.20267,562.4386) 1:(59.0,452.0)
:Sending Touch (ACTION_MOVE): 0:(226.60962,564.3811) 1:(50.599514,457.1521)
:Sending Touch (ACTION_MOVE): 0:(220.29152,564.5493) 1:(43.9629,461.44418)
:Sending Touch (ACTION_MOVE): 0:(214.13872,567.6825) 1:(36.15654,468.05655)
:Sending Touch (ACTION_MOVE): 0:(208.35861,571.19165) 1:(34.7328,469.4539)
:Sending Touch (ACTION_MOVE): 0:(205.20793,573.34784) 1:(28.004921,475.83032)
    // Injection Failed
:Sending Touch (ACTION_MOVE): 0:(204.56393,577.0008) 1:(24.518003,481.22388)
    // Injection Failed
:Sending Touch (ACTION_MOVE): 0:(198.66357,577.67267) 1:(23.282648,487.39157)
    // Injection Failed
:Sending Touch (ACTION_MOVE): 0:(193.64143,581.36725) 1:(14.12861,492.59854)
    // Injection Failed
:Sending Touch (ACTION_MOVE): 0:(187.81735,581.9802) 1:(11.8555155,498.35123)
    // Injection Failed
:Sending Touch (ACTION_POINTER_UP 1): 0:(180.97594,583.8038) 1:(11.497144,500.50018)
    // Injection Failed
:Sending Touch (ACTION_UP): 0:(178.16815,586.1282)
    // Injection Failed
Sleeping for 300 milliseconds
:Sending Key (ACTION_DOWN): 22    // KEYCODE_DPAD_RIGHT
:Sending Key (ACTION_UP): 22    // KEYCODE_DPAD_RIGHT
Sleeping for 300 milliseconds
:Sending Touch (ACTION_DOWN): 0:(1851.0,532.0)
:Sending Touch (ACTION_POINTER_DOWN 1): 0:(1849.8922,534.9725) 1:(352.0,503.0)
:Sending Touch (ACTION_MOVE): 0:(1849.6096,535.35046) 1:(336.00674,493.63867)
:Sending Touch (ACTION_MOVE): 0:(1848.4155,538.9118) 1:(334.42743,492.5671)
:Sending Touch (ACTION_MOVE): 0:(1847.7587,539.47) 1:(320.82193,489.5389)
:Sending Touch (ACTION_MOVE): 0:(1846.167,541.6747) 1:(314.01755,472.11176)
:Sending Touch (ACTION_MOVE): 0:(1844.492,547.6227) 1:(301.1276,463.90762)
:Sending Touch (ACTION_MOVE): 0:(1843.9918,548.2609) 1:(290.7662,454.32196)
:Sending Touch (ACTION_MOVE): 0:(1843.1405,549.0426) 1:(288.87766,439.14178)
:Sending Touch (ACTION_MOVE): 0:(1842.0271,555.936) 1:(279.3416,427.95844)
:Sending Touch (ACTION_POINTER_UP 1): 0:(1840.7588,562.6871) 1:(272.401,412.23776)
:Sending Touch (ACTION_UP): 0:(1839.4261,566.2256)
Sleeping for 300 milliseconds
:Sending Key (ACTION_DOWN): 174    // KEYCODE_BOOKMARK
:Sending Key (ACTION_UP): 174    // KEYCODE_BOOKMARK
Sleeping for 300 milliseconds
:Sending Key (ACTION_DOWN): 93    // KEYCODE_PAGE_DOWN
:Sending Key (ACTION_UP): 93    // KEYCODE_PAGE_DOWN
Sleeping for 300 milliseconds
:Sending Touch (ACTION_DOWN): 0:(50.0,357.0)
:Sending Touch (ACTION_MOVE): 0:(49.07736,357.18756)
:Sending Touch (ACTION_MOVE): 0:(45.81684,357.2951)
:Sending Touch (ACTION_MOVE): 0:(43.359905,357.5374)
:Sending Touch (ACTION_MOVE): 0:(42.04603,357.84695)
:Sending Touch (ACTION_UP): 0:(39.62592,357.91156)
Sleeping for 300 milliseconds
:Switch: #Intent;action=android.intent.action.MAIN;category=android.intent.category.LAUNCHER;launchFlags=0x10200000;component=com.android.settings/.Settings%24StorageUseActivity;end
    // Allowing start of Intent { act=android.intent.action.MAIN cat=[android.intent.category.LAUNCHER] cmp=com.android.settings/.Settings$StorageUseActivity } in package com.android.settings
Sleeping for 300 milliseconds
:Sending Key (ACTION_DOWN): 19    // KEYCODE_DPAD_UP
:Sending Key (ACTION_UP): 19    // KEYCODE_DPAD_UP
Sleeping for 300 milliseconds
:Sending Key (ACTION_DOWN): 23    // KEYCODE_DPAD_CENTER
:Sending Key (ACTION_UP): 23    // KEYCODE_DPAD_CENTER
Sleeping for 300 milliseconds
:Switch: #Intent;action=android.intent.action.MAIN;category=android.intent.category.LAUNCHER;launchFlags=0x10200000;component=com.android.settings/.Settings%24RunningServicesActivity;end
    // Allowing start of Intent { act=android.intent.action.MAIN cat=[android.intent.category.LAUNCHER] cmp=com.android.settings/.Settings$RunningServicesActivity } in package com.android.settings
Sleeping for 300 milliseconds
:Sending Key (ACTION_DOWN): 19    // KEYCODE_DPAD_UP
:Sending Key (ACTION_UP): 19    // KEYCODE_DPAD_UP
Sleeping for 300 milliseconds
:Sending Key (ACTION_DOWN): 21    // KEYCODE_DPAD_LEFT
:Sending Key (ACTION_UP): 21    // KEYCODE_DPAD_LEFT
Sleeping for 300 milliseconds
:Sending Key (ACTION_DOWN): 22    // KEYCODE_DPAD_RIGHT
:Sending Key (ACTION_UP): 22    // KEYCODE_DPAD_RIGHT
Sleeping for 300 milliseconds
:Sending Trackball (ACTION_MOVE): 0:(-5.0,3.0)
:Sending Trackball (ACTION_MOVE): 0:(-3.0,-5.0)
:Sending Trackball (ACTION_MOVE): 0:(-5.0,3.0)
:Sending Trackball (ACTION_MOVE): 0:(-3.0,0.0)
:Sending Trackball (ACTION_MOVE): 0:(0.0,-3.0)
:Sending Trackball (ACTION_MOVE): 0:(4.0,1.0)
:Sending Trackball (ACTION_MOVE): 0:(1.0,-4.0)
:Sending Trackball (ACTION_MOVE): 0:(-5.0,2.0)
:Sending Trackball (ACTION_MOVE): 0:(2.0,-4.0)
:Sending Trackball (ACTION_MOVE): 0:(-3.0,2.0)
:Sending Trackball (ACTION_MOVE): 0:(2.0,0.0)
:Sending Trackball (ACTION_MOVE): 0:(-2.0,0.0)
:Sending Trackball (ACTION_MOVE): 0:(-4.0,4.0)
:Sending Trackball (ACTION_MOVE): 0:(0.0,4.0)
:Sending Trackball (ACTION_MOVE): 0:(-2.0,4.0)
:Sending Trackball (ACTION_MOVE): 0:(-1.0,-2.0)
:Sending Trackball (ACTION_MOVE): 0:(-3.0,2.0)
:Sending Trackball (ACTION_MOVE): 0:(-4.0,4.0)
:Sending Trackball (ACTION_MOVE): 0:(3.0,1.0)
:Sending Trackball (ACTION_MOVE): 0:(1.0,-1.0)
:Sending Key (ACTION_DOWN): 22    // KEYCODE_DPAD_RIGHT
:Sending Key (ACTION_UP): 22    // KEYCODE_DPAD_RIGHT
Sleeping for 300 milliseconds
:Sending Key (ACTION_DOWN): 22    // KEYCODE_DPAD_RIGHT
:Sending Key (ACTION_UP): 22    // KEYCODE_DPAD_RIGHT
Sleeping for 300 milliseconds
:Sending Key (ACTION_DOWN): 19    // KEYCODE_DPAD_UP
:Sending Key (ACTION_UP): 19    // KEYCODE_DPAD_UP
Sleeping for 300 milliseconds
:Sending Key (ACTION_DOWN): 87    // KEYCODE_MEDIA_NEXT
:Sending Key (ACTION_UP): 87    // KEYCODE_MEDIA_NEXT
Sleeping for 300 milliseconds
:Sending Key (ACTION_DOWN): 21    // KEYCODE_DPAD_LEFT
:Sending Key (ACTION_UP): 21    // KEYCODE_DPAD_LEFT
Sleeping for 300 milliseconds
:Sending Key (ACTION_DOWN): 22    // KEYCODE_DPAD_RIGHT
:Sending Key (ACTION_UP): 22    // KEYCODE_DPAD_RIGHT
Sleeping for 300 milliseconds
:Sending Key (ACTION_DOWN): 23    // KEYCODE_DPAD_CENTER
:Sending Key (ACTION_UP): 23    // KEYCODE_DPAD_CENTER
Sleeping for 300 milliseconds
:Sending Key (ACTION_DOWN): 20    // KEYCODE_DPAD_DOWN
:Sending Key (ACTION_UP): 20    // KEYCODE_DPAD_DOWN
Sleeping for 300 milliseconds
:Sending Key (ACTION_DOWN): 23    // KEYCODE_DPAD_CENTER
:Sending Key (ACTION_UP): 23    // KEYCODE_DPAD_CENTER
Sleeping for 300 milliseconds
:Sending Key (ACTION_DOWN): 82    // KEYCODE_MENU
:Sending Key (ACTION_UP): 82    // KEYCODE_MENU
Sleeping for 300 milliseconds
:Sending Touch (ACTION_DOWN): 0:(1677.0,189.0)
:Sending Touch (ACTION_UP): 0:(1677.9287,177.78812)
Sleeping for 300 milliseconds
:Sending Touch (ACTION_DOWN): 0:(1740.0,125.0)
:Sending Touch (ACTION_UP): 0:(1753.229,112.03004)
Sleeping for 300 milliseconds
:Sending Touch (ACTION_DOWN): 0:(858.0,201.0)
:Sending Touch (ACTION_UP): 0:(849.52014,188.22585)
Sleeping for 300 milliseconds
:Sending Key (ACTION_DOWN): 23    // KEYCODE_DPAD_CENTER
:Sending Key (ACTION_UP): 23    // KEYCODE_DPAD_CENTER
    //[calendar_time:2020-12-06 17:26:58.512  system_uptime:1358985]
    // Sending event #500
Sleeping for 300 milliseconds
    //[calendar_time:2020-12-06 17:26:58.814  system_uptime:1359286]
    // Sending event #500
:Sending Key (ACTION_DOWN): 19    // KEYCODE_DPAD_UP
:Sending Key (ACTION_UP): 19    // KEYCODE_DPAD_UP
Sleeping for 300 milliseconds
:Sending Touch (ACTION_DOWN): 0:(1140.0,493.0)
:Sending Touch (ACTION_UP): 0:(1131.124,494.35126)
Sleeping for 300 milliseconds
:Sending Key (ACTION_DOWN): 24    // KEYCODE_VOLUME_UP
:Sending Key (ACTION_UP): 24    // KEYCODE_VOLUME_UP
Sleeping for 300 milliseconds
:Sending Key (ACTION_DOWN): 82    // KEYCODE_MENU
:Sending Key (ACTION_UP): 82    // KEYCODE_MENU
Sleeping for 300 milliseconds
:Sending Key (ACTION_DOWN): 7    // KEYCODE_0
:Sending Key (ACTION_UP): 7    // KEYCODE_0
Sleeping for 300 milliseconds
:Sending Key (ACTION_DOWN): 22    // KEYCODE_DPAD_RIGHT
:Sending Key (ACTION_UP): 22    // KEYCODE_DPAD_RIGHT
Sleeping for 300 milliseconds
:Sending Trackball (ACTION_MOVE): 0:(-5.0,3.0)
:Sending Trackball (ACTION_MOVE): 0:(-5.0,-4.0)
:Sending Trackball (ACTION_MOVE): 0:(-1.0,1.0)
:Sending Trackball (ACTION_MOVE): 0:(-1.0,-4.0)
:Sending Trackball (ACTION_MOVE): 0:(2.0,-2.0)
:Sending Trackball (ACTION_MOVE): 0:(-4.0,-5.0)
:Sending Trackball (ACTION_MOVE): 0:(3.0,2.0)
:Sending Trackball (ACTION_MOVE): 0:(3.0,-1.0)
:Sending Trackball (ACTION_MOVE): 0:(-5.0,0.0)
:Sending Trackball (ACTION_MOVE): 0:(3.0,0.0)
:Sending Touch (ACTION_DOWN): 0:(511.0,627.0)
:Sending Touch (ACTION_UP): 0:(502.45093,632.5047)
Sleeping for 300 milliseconds
:Sending Key (ACTION_DOWN): 19    // KEYCODE_DPAD_UP
:Sending Key (ACTION_UP): 19    // KEYCODE_DPAD_UP
Sleeping for 300 milliseconds
:Sending Key (ACTION_DOWN): 82    // KEYCODE_MENU
:Sending Key (ACTION_UP): 82    // KEYCODE_MENU
Sleeping for 300 milliseconds
:Sending Touch (ACTION_DOWN): 0:(435.0,133.0)
:Sending Touch (ACTION_MOVE): 0:(434.6864,133.31276)
:Sending Touch (ACTION_MOVE): 0:(432.2289,134.6505)
:Sending Touch (ACTION_MOVE): 0:(431.64203,135.23828)
:Sending Touch (ACTION_MOVE): 0:(425.3215,135.35966)
:Sending Touch (ACTION_UP): 0:(418.83182,135.93147)
Sleeping for 300 milliseconds
:Sending Key (ACTION_DOWN): 82    // KEYCODE_MENU
:Sending Key (ACTION_UP): 82    // KEYCODE_MENU
Sleeping for 300 milliseconds
:Sending Key (ACTION_DOWN): 4    // KEYCODE_BACK
:Sending Key (ACTION_UP): 4    // KEYCODE_BACK
Sleeping for 300 milliseconds
    // activityResuming(com.android.settings)
:Switch: #Intent;action=android.intent.action.MAIN;category=android.intent.category.LAUNCHER;launchFlags=0x10200000;component=com.android.settings/.Settings;end
    // Allowing start of Intent { act=android.intent.action.MAIN cat=[android.intent.category.LAUNCHER] cmp=com.android.settings/.Settings } in package com.android.settings
Sleeping for 300 milliseconds
:Switch: #Intent;action=android.intent.action.MAIN;category=android.intent.category.LAUNCHER;launchFlags=0x10200000;component=com.android.settings/.Settings%24StorageUseActivity;end
    // Allowing start of Intent { act=android.intent.action.MAIN cat=[android.intent.category.LAUNCHER] cmp=com.android.settings/.Settings$StorageUseActivity } in package com.android.settings
Sleeping for 300 milliseconds
:Sending Touch (ACTION_DOWN): 0:(965.0,164.0)
:Sending Touch (ACTION_UP): 0:(953.68677,173.82405)
Sleeping for 300 milliseconds
:Sending Key (ACTION_DOWN): 22    // KEYCODE_DPAD_RIGHT
:Sending Key (ACTION_UP): 22    // KEYCODE_DPAD_RIGHT
Sleeping for 300 milliseconds
:Sending Trackball (ACTION_MOVE): 0:(4.0,-1.0)
:Sending Trackball (ACTION_MOVE): 0:(-3.0,-4.0)
:Sending Trackball (ACTION_MOVE): 0:(4.0,-5.0)
:Sending Trackball (ACTION_MOVE): 0:(2.0,-2.0)
:Sending Trackball (ACTION_MOVE): 0:(0.0,-1.0)
:Sending Trackball (ACTION_MOVE): 0:(3.0,4.0)
:Sending Trackball (ACTION_MOVE): 0:(-5.0,2.0)
:Sending Trackball (ACTION_MOVE): 0:(-3.0,0.0)
:Sending Trackball (ACTION_MOVE): 0:(0.0,3.0)
:Sending Trackball (ACTION_MOVE): 0:(2.0,-3.0)
:Sending Touch (ACTION_DOWN): 0:(1531.0,423.0)
:Sending Touch (ACTION_POINTER_DOWN 1): 0:(1530.2114,426.07404) 1:(1723.0,559.0)
:Sending Touch (ACTION_MOVE): 0:(1529.9385,433.44318) 1:(1718.1058,558.5675)
:Sending Touch (ACTION_MOVE): 0:(1526.9388,436.47833) 1:(1713.188,557.5069)
:Sending Touch (ACTION_MOVE): 0:(1525.5745,441.5698) 1:(1708.4199,555.0358)
:Sending Touch (ACTION_MOVE): 0:(1523.9703,446.79575) 1:(1706.4753,554.57935)
:Sending Touch (ACTION_MOVE): 0:(1522.126,449.5308) 1:(1692.8456,554.2383)
:Sending Touch (ACTION_POINTER_UP 1): 0:(1520.5635,451.19513) 1:(1691.417,552.84375)
:Sending Touch (ACTION_UP): 0:(1518.6097,455.25632)
Sleeping for 300 milliseconds
:Sending Touch (ACTION_DOWN): 0:(1810.0,254.0)
:Sending Touch (ACTION_MOVE): 0:(1800.2682,254.12158)
:Sending Touch (ACTION_MOVE): 0:(1790.5889,254.39214)
:Sending Touch (ACTION_MOVE): 0:(1778.5479,254.58246)
:Sending Touch (ACTION_MOVE): 0:(1777.5405,254.62837)
:Sending Touch (ACTION_MOVE): 0:(1774.0605,254.76454)
:Sending Touch (ACTION_MOVE): 0:(1761.5254,254.84918)
:Sending Touch (ACTION_MOVE): 0:(1758.5078,254.99596)
:Sending Touch (ACTION_MOVE): 0:(1758.2743,255.22037)
:Sending Touch (ACTION_UP): 0:(1753.4056,255.38475)
Sleeping for 300 milliseconds
:Sending Touch (ACTION_DOWN): 0:(1331.0,533.0)
:Sending Touch (ACTION_UP): 0:(1330.6649,522.0378)
Sleeping for 300 milliseconds
:Sending Key (ACTION_DOWN): 23    // KEYCODE_DPAD_CENTER
:Sending Key (ACTION_UP): 23    // KEYCODE_DPAD_CENTER
Sleeping for 300 milliseconds
:Sending Key (ACTION_DOWN): 23    // KEYCODE_DPAD_CENTER
:Sending Key (ACTION_UP): 23    // KEYCODE_DPAD_CENTER
Sleeping for 300 milliseconds
:Sending Key (ACTION_DOWN): 82    // KEYCODE_MENU
:Sending Key (ACTION_UP): 82    // KEYCODE_MENU
Sleeping for 300 milliseconds
:Sending Trackball (ACTION_MOVE): 0:(-2.0,0.0)
:Sending Trackball (ACTION_MOVE): 0:(-3.0,3.0)
:Sending Trackball (ACTION_MOVE): 0:(-4.0,1.0)
:Sending Trackball (ACTION_MOVE): 0:(0.0,4.0)
:Sending Trackball (ACTION_MOVE): 0:(-4.0,-2.0)
:Sending Trackball (ACTION_MOVE): 0:(3.0,1.0)
:Sending Trackball (ACTION_MOVE): 0:(2.0,-5.0)
:Sending Trackball (ACTION_MOVE): 0:(-5.0,3.0)
:Sending Trackball (ACTION_MOVE): 0:(-1.0,-4.0)
:Sending Trackball (ACTION_MOVE): 0:(3.0,1.0)
:Sending Flip keyboardOpen=true
Sleeping for 300 milliseconds
:Sending Key (ACTION_DOWN): 82    // KEYCODE_MENU
:Sending Key (ACTION_UP): 82    // KEYCODE_MENU
Sleeping for 300 milliseconds
:Sending Trackball (ACTION_MOVE): 0:(-4.0,-2.0)
:Sending Trackball (ACTION_MOVE): 0:(0.0,2.0)
:Sending Trackball (ACTION_MOVE): 0:(-4.0,-3.0)
:Sending Trackball (ACTION_MOVE): 0:(-3.0,-5.0)
:Sending Trackball (ACTION_MOVE): 0:(-3.0,-4.0)
:Sending Trackball (ACTION_MOVE): 0:(-1.0,3.0)
    //[calendar_time:2020-12-06 17:27:06.292  system_uptime:1366764]
    // Sending event #600
:Sending Trackball (ACTION_MOVE): 0:(-5.0,1.0)
:Sending Trackball (ACTION_MOVE): 0:(-4.0,-1.0)
:Sending Trackball (ACTION_MOVE): 0:(-3.0,-1.0)
:Sending Trackball (ACTION_MOVE): 0:(0.0,0.0)
:Sending Touch (ACTION_DOWN): 0:(279.0,270.0)
:Sending Touch (ACTION_UP): 0:(278.9212,263.67117)
Sleeping for 300 milliseconds
:Sending Key (ACTION_DOWN): 23    // KEYCODE_DPAD_CENTER
:Sending Key (ACTION_UP): 23    // KEYCODE_DPAD_CENTER
Sleeping for 300 milliseconds
:Sending Trackball (ACTION_MOVE): 0:(-3.0,-4.0)
:Sending Trackball (ACTION_MOVE): 0:(2.0,-2.0)
:Sending Trackball (ACTION_MOVE): 0:(-5.0,-2.0)
:Sending Trackball (ACTION_MOVE): 0:(-4.0,4.0)
:Sending Trackball (ACTION_MOVE): 0:(-3.0,-2.0)
:Sending Trackball (ACTION_MOVE): 0:(2.0,-5.0)
:Sending Trackball (ACTION_MOVE): 0:(4.0,0.0)
:Sending Trackball (ACTION_MOVE): 0:(-4.0,0.0)
:Sending Trackball (ACTION_MOVE): 0:(-5.0,-2.0)
:Sending Trackball (ACTION_MOVE): 0:(-5.0,-2.0)
:Sending Touch (ACTION_DOWN): 0:(1383.0,377.0)
:Sending Touch (ACTION_POINTER_DOWN 1): 0:(1370.0068,378.13593) 1:(239.0,117.0)
:Sending Touch (ACTION_MOVE): 0:(1357.9343,380.1072) 1:(230.59964,122.0784)
:Sending Touch (ACTION_MOVE): 0:(1347.6108,383.226) 1:(227.59734,126.03771)
:Sending Touch (ACTION_POINTER_UP 1): 0:(1338.0924,386.05447) 1:(219.6656,137.12454)
:Sending Touch (ACTION_UP): 0:(1333.3694,389.2024)
Sleeping for 300 milliseconds
:Sending Key (ACTION_DOWN): 19    // KEYCODE_DPAD_UP
:Sending Key (ACTION_UP): 19    // KEYCODE_DPAD_UP
Sleeping for 300 milliseconds
:Sending Key (ACTION_DOWN): 47    // KEYCODE_S
:Sending Key (ACTION_UP): 47    // KEYCODE_S
Sleeping for 300 milliseconds
:Sending Key (ACTION_DOWN): 20    // KEYCODE_DPAD_DOWN
:Sending Key (ACTION_UP): 20    // KEYCODE_DPAD_DOWN
Sleeping for 300 milliseconds
:Sending Touch (ACTION_DOWN): 0:(1415.0,445.0)
:Sending Touch (ACTION_MOVE): 0:(1414.7816,439.73032)
:Sending Touch (ACTION_MOVE): 0:(1414.4783,425.35242)
:Sending Touch (ACTION_MOVE): 0:(1414.0812,414.71698)
:Sending Touch (ACTION_MOVE): 0:(1413.8217,414.42267)
:Sending Touch (ACTION_MOVE): 0:(1413.6132,399.66617)
:Sending Touch (ACTION_UP): 0:(1413.4978,394.44977)
Sleeping for 300 milliseconds
:Sending Key (ACTION_DOWN): 25    // KEYCODE_VOLUME_DOWN
:Sending Key (ACTION_UP): 25    // KEYCODE_VOLUME_DOWN
Sleeping for 300 milliseconds
:Sending Key (ACTION_DOWN): 110    // KEYCODE_BUTTON_MODE
:Sending Key (ACTION_UP): 110    // KEYCODE_BUTTON_MODE
Sleeping for 300 milliseconds
:Sending Key (ACTION_DOWN): 219    // KEYCODE_ASSIST
:Sending Key (ACTION_UP): 219    // KEYCODE_ASSIST
Sleeping for 300 milliseconds
    // Rejecting start of Intent { act=android.intent.action.ASSIST cmp=com.google.android.googlequicksearchbox/.SearchActivity } in package com.google.android.googlequicksearchbox
:Sending Key (ACTION_DOWN): 22    // KEYCODE_DPAD_RIGHT
:Sending Key (ACTION_UP): 22    // KEYCODE_DPAD_RIGHT
Sleeping for 300 milliseconds
:Sending Touch (ACTION_DOWN): 0:(1539.0,605.0)
:Sending Touch (ACTION_MOVE): 0:(1539.1514,604.8742)
:Sending Touch (ACTION_MOVE): 0:(1539.7,599.95575)
:Sending Touch (ACTION_MOVE): 0:(1541.3469,599.7192)
:Sending Touch (ACTION_MOVE): 0:(1542.3688,593.8243)
:Sending Touch (ACTION_MOVE): 0:(1543.4207,589.9475)
:Sending Touch (ACTION_UP): 0:(1544.8011,589.34485)
Sleeping for 300 milliseconds
:Sending Touch (ACTION_DOWN): 0:(1322.0,75.0)
:Sending Touch (ACTION_UP): 0:(1317.5366,78.210655)
Sleeping for 300 milliseconds
:Sending Key (ACTION_DOWN): 22    // KEYCODE_DPAD_RIGHT
:Sending Key (ACTION_UP): 22    // KEYCODE_DPAD_RIGHT
Sleeping for 300 milliseconds
:Sending Flip keyboardOpen=false
Sleeping for 300 milliseconds
:Sending Touch (ACTION_DOWN): 0:(1090.0,572.0)
:Sending Touch (ACTION_UP): 0:(1090.4004,573.2281)
Sleeping for 300 milliseconds
:Sending Trackball (ACTION_MOVE): 0:(0.0,1.0)
:Sending Trackball (ACTION_MOVE): 0:(4.0,-1.0)
:Sending Trackball (ACTION_MOVE): 0:(2.0,2.0)
:Sending Trackball (ACTION_MOVE): 0:(-5.0,-1.0)
:Sending Trackball (ACTION_MOVE): 0:(-5.0,1.0)
:Sending Trackball (ACTION_MOVE): 0:(-4.0,3.0)
:Sending Trackball (ACTION_MOVE): 0:(3.0,-1.0)
:Sending Trackball (ACTION_MOVE): 0:(-2.0,3.0)
:Sending Trackball (ACTION_MOVE): 0:(-2.0,-1.0)
:Sending Trackball (ACTION_MOVE): 0:(1.0,1.0)
:Sending Trackball (ACTION_DOWN): 0:(0.0,0.0)
:Sending Trackball (ACTION_UP): 0:(0.0,0.0)
Sleeping for 300 milliseconds
:Sending Touch (ACTION_DOWN): 0:(1335.0,99.0)
:Sending Touch (ACTION_UP): 0:(1315.6599,94.57142)
Sleeping for 300 milliseconds
:Sending Touch (ACTION_DOWN): 0:(1917.0,100.0)
:Sending Touch (ACTION_MOVE): 0:(1920.0,101.82231)
:Sending Touch (ACTION_MOVE): 0:(1920.0,104.272194)
:Sending Touch (ACTION_MOVE): 0:(1920.0,105.11872)
:Sending Touch (ACTION_MOVE): 0:(1920.0,108.36771)
:Sending Touch (ACTION_MOVE): 0:(1920.0,109.09635)
:Sending Touch (ACTION_MOVE): 0:(1920.0,112.545944)
:Sending Touch (ACTION_MOVE): 0:(1920.0,114.18093)
:Sending Touch (ACTION_MOVE): 0:(1920.0,115.093376)
:Sending Touch (ACTION_UP): 0:(1920.0,115.503525)
Sleeping for 300 milliseconds
:Sending Touch (ACTION_DOWN): 0:(714.0,397.0)
:Sending Touch (ACTION_UP): 0:(718.3282,379.91858)
Sleeping for 300 milliseconds
:Sending Touch (ACTION_DOWN): 0:(740.0,560.0)
:Sending Touch (ACTION_MOVE): 0:(739.5421,556.0764)
:Sending Touch (ACTION_MOVE): 0:(735.3037,545.289)
:Sending Touch (ACTION_MOVE): 0:(719.6712,537.0144)
:Sending Touch (ACTION_MOVE): 0:(700.4521,530.13617)
:Sending Touch (ACTION_UP): 0:(690.68243,519.47076)
Sleeping for 300 milliseconds
:Sending Key (ACTION_DOWN): 23    // KEYCODE_DPAD_CENTER
:Sending Key (ACTION_UP): 23    // KEYCODE_DPAD_CENTER
Sleeping for 300 milliseconds
:Sending Touch (ACTION_DOWN): 0:(1154.0,178.0)
:Sending Touch (ACTION_UP): 0:(1165.3771,178.03741)
Sleeping for 300 milliseconds
:Sending Touch (ACTION_DOWN): 0:(415.0,268.0)
:Sending Touch (ACTION_UP): 0:(427.99457,271.08893)
Sleeping for 300 milliseconds
:Sending Key (ACTION_DOWN): 151    // KEYCODE_NUMPAD_7
:Sending Key (ACTION_UP): 151    // KEYCODE_NUMPAD_7
Sleeping for 300 milliseconds
:Sending Trackball (ACTION_MOVE): 0:(-5.0,4.0)
    //[calendar_time:2020-12-06 17:27:14.143  system_uptime:1374616]
    // Sending event #700
:Sending Trackball (ACTION_MOVE): 0:(-1.0,0.0)
:Sending Trackball (ACTION_MOVE): 0:(4.0,-4.0)
:Sending Trackball (ACTION_MOVE): 0:(0.0,-2.0)
:Sending Trackball (ACTION_MOVE): 0:(3.0,-5.0)
:Sending Trackball (ACTION_MOVE): 0:(-4.0,0.0)
:Sending Trackball (ACTION_MOVE): 0:(2.0,3.0)
:Sending Trackball (ACTION_MOVE): 0:(2.0,-1.0)
:Sending Trackball (ACTION_MOVE): 0:(3.0,-1.0)
:Sending Trackball (ACTION_MOVE): 0:(-2.0,-2.0)
:Sending Key (ACTION_DOWN): 19    // KEYCODE_DPAD_UP
:Sending Key (ACTION_UP): 19    // KEYCODE_DPAD_UP
Sleeping for 300 milliseconds
:Sending Key (ACTION_DOWN): 21    // KEYCODE_DPAD_LEFT
:Sending Key (ACTION_UP): 21    // KEYCODE_DPAD_LEFT
Sleeping for 300 milliseconds
:Sending Touch (ACTION_DOWN): 0:(296.0,202.0)
:Sending Touch (ACTION_UP): 0:(302.40897,207.46783)
Sleeping for 300 milliseconds
:Sending Key (ACTION_DOWN): 22    // KEYCODE_DPAD_RIGHT
:Sending Key (ACTION_UP): 22    // KEYCODE_DPAD_RIGHT
Sleeping for 300 milliseconds
:Sending Touch (ACTION_DOWN): 0:(1064.0,529.0)
:Sending Touch (ACTION_MOVE): 0:(1061.2698,545.1969)
:Sending Touch (ACTION_MOVE): 0:(1059.969,545.5866)
:Sending Touch (ACTION_MOVE): 0:(1059.8478,555.5153)
:Sending Touch (ACTION_MOVE): 0:(1056.9225,576.1047)
:Sending Touch (ACTION_MOVE): 0:(1053.8087,581.97833)
:Sending Touch (ACTION_MOVE): 0:(1051.8135,601.16986)
:Sending Touch (ACTION_MOVE): 0:(1050.6426,617.34424)
    // Injection Failed
:Sending Touch (ACTION_UP): 0:(1048.2803,625.7724)
    // Injection Failed
Sleeping for 300 milliseconds
:Sending Key (ACTION_DOWN): 82    // KEYCODE_MENU
:Sending Key (ACTION_UP): 82    // KEYCODE_MENU
Sleeping for 300 milliseconds
:Sending Touch (ACTION_DOWN): 0:(433.0,469.0)
:Sending Touch (ACTION_UP): 0:(429.72864,478.66934)
Sleeping for 300 milliseconds
:Sending Trackball (ACTION_MOVE): 0:(-1.0,1.0)
:Sending Trackball (ACTION_MOVE): 0:(0.0,-1.0)
:Sending Trackball (ACTION_MOVE): 0:(-3.0,-5.0)
:Sending Trackball (ACTION_MOVE): 0:(2.0,3.0)
:Sending Trackball (ACTION_MOVE): 0:(2.0,-4.0)
:Sending Trackball (ACTION_MOVE): 0:(4.0,0.0)
:Sending Trackball (ACTION_MOVE): 0:(0.0,0.0)
:Sending Trackball (ACTION_MOVE): 0:(4.0,-2.0)
:Sending Trackball (ACTION_MOVE): 0:(-1.0,-2.0)
:Sending Trackball (ACTION_MOVE): 0:(-2.0,2.0)
:Sending Trackball (ACTION_MOVE): 0:(1.0,-5.0)
:Sending Trackball (ACTION_MOVE): 0:(-4.0,4.0)
:Sending Trackball (ACTION_MOVE): 0:(4.0,-1.0)
:Sending Trackball (ACTION_MOVE): 0:(-4.0,-4.0)
:Sending Trackball (ACTION_MOVE): 0:(-3.0,-1.0)
:Sending Trackball (ACTION_MOVE): 0:(3.0,0.0)
:Sending Trackball (ACTION_MOVE): 0:(-1.0,0.0)
:Sending Trackball (ACTION_MOVE): 0:(-3.0,2.0)
:Sending Trackball (ACTION_MOVE): 0:(-2.0,3.0)
:Sending Trackball (ACTION_MOVE): 0:(-5.0,4.0)
:Sending Key (ACTION_DOWN): 19    // KEYCODE_DPAD_UP
:Sending Key (ACTION_UP): 19    // KEYCODE_DPAD_UP
Sleeping for 300 milliseconds
:Sending Trackball (ACTION_MOVE): 0:(-2.0,2.0)
:Sending Trackball (ACTION_MOVE): 0:(3.0,2.0)
:Sending Trackball (ACTION_MOVE): 0:(-3.0,3.0)
:Sending Trackball (ACTION_MOVE): 0:(1.0,2.0)
:Sending Trackball (ACTION_MOVE): 0:(-4.0,4.0)
:Sending Trackball (ACTION_MOVE): 0:(3.0,-5.0)
:Sending Trackball (ACTION_MOVE): 0:(-2.0,2.0)
:Sending Trackball (ACTION_MOVE): 0:(-3.0,1.0)
:Sending Trackball (ACTION_MOVE): 0:(4.0,0.0)
:Sending Trackball (ACTION_MOVE): 0:(1.0,4.0)
:Sending Touch (ACTION_DOWN): 0:(1654.0,382.0)
:Sending Touch (ACTION_UP): 0:(1663.9813,391.7167)
Sleeping for 300 milliseconds
:Sending Key (ACTION_DOWN): 20    // KEYCODE_DPAD_DOWN
:Sending Key (ACTION_UP): 20    // KEYCODE_DPAD_DOWN
Sleeping for 300 milliseconds
:Sending Key (ACTION_DOWN): 21    // KEYCODE_DPAD_LEFT
:Sending Key (ACTION_UP): 21    // KEYCODE_DPAD_LEFT
Sleeping for 300 milliseconds
:Sending Touch (ACTION_DOWN): 0:(1719.0,386.0)
:Sending Touch (ACTION_UP): 0:(1699.1981,386.44672)
Sleeping for 300 milliseconds
:Sending Key (ACTION_DOWN): 21    // KEYCODE_DPAD_LEFT
:Sending Key (ACTION_UP): 21    // KEYCODE_DPAD_LEFT
Sleeping for 300 milliseconds
:Sending Touch (ACTION_DOWN): 0:(534.0,611.0)
:Sending Touch (ACTION_UP): 0:(551.719,612.48145)
Sleeping for 300 milliseconds
:Sending Key (ACTION_DOWN): 74    // KEYCODE_SEMICOLON
:Sending Key (ACTION_UP): 74    // KEYCODE_SEMICOLON
Sleeping for 300 milliseconds
:Sending Touch (ACTION_DOWN): 0:(1414.0,480.0)
:Sending Touch (ACTION_UP): 0:(1415.6287,478.2962)
Sleeping for 300 milliseconds
:Sending Trackball (ACTION_MOVE): 0:(-2.0,-4.0)
:Sending Trackball (ACTION_MOVE): 0:(-3.0,-3.0)
:Sending Trackball (ACTION_MOVE): 0:(-3.0,-2.0)
:Sending Trackball (ACTION_MOVE): 0:(-1.0,2.0)
:Sending Trackball (ACTION_MOVE): 0:(0.0,2.0)
:Sending Trackball (ACTION_MOVE): 0:(-4.0,3.0)
:Sending Trackball (ACTION_MOVE): 0:(0.0,-4.0)
:Sending Trackball (ACTION_MOVE): 0:(2.0,-5.0)
:Sending Trackball (ACTION_MOVE): 0:(1.0,-1.0)
:Sending Trackball (ACTION_MOVE): 0:(-1.0,-4.0)
:Sending Trackball (ACTION_MOVE): 0:(0.0,4.0)
:Sending Trackball (ACTION_MOVE): 0:(-2.0,-2.0)
:Sending Trackball (ACTION_MOVE): 0:(1.0,-4.0)
:Sending Trackball (ACTION_MOVE): 0:(1.0,2.0)
:Sending Trackball (ACTION_MOVE): 0:(0.0,-3.0)
:Sending Trackball (ACTION_MOVE): 0:(-3.0,3.0)
:Sending Trackball (ACTION_MOVE): 0:(-5.0,-5.0)
:Sending Trackball (ACTION_MOVE): 0:(-4.0,-4.0)
:Sending Trackball (ACTION_MOVE): 0:(4.0,3.0)
:Sending Trackball (ACTION_MOVE): 0:(-5.0,-1.0)
:Sending Key (ACTION_DOWN): 253    // KEYCODE_TV_AUDIO_DESCRIPTION_MIX_UP
:Sending Key (ACTION_UP): 253    // KEYCODE_TV_AUDIO_DESCRIPTION_MIX_UP
    //[calendar_time:2020-12-06 17:27:19.141  system_uptime:1379615]
    // Sending event #800
Sleeping for 300 milliseconds
    //[calendar_time:2020-12-06 17:27:19.446  system_uptime:1379919]
    // Sending event #800
:Sending Touch (ACTION_DOWN): 0:(142.0,378.0)
:Sending Touch (ACTION_UP): 0:(132.73668,377.6315)
Sleeping for 300 milliseconds
:Sending Key (ACTION_DOWN): 19    // KEYCODE_DPAD_UP
:Sending Key (ACTION_UP): 19    // KEYCODE_DPAD_UP
Sleeping for 300 milliseconds
:Sending Trackball (ACTION_MOVE): 0:(3.0,0.0)
:Sending Trackball (ACTION_MOVE): 0:(-2.0,-1.0)
:Sending Trackball (ACTION_MOVE): 0:(4.0,4.0)
:Sending Trackball (ACTION_MOVE): 0:(-1.0,0.0)
:Sending Trackball (ACTION_MOVE): 0:(1.0,1.0)
:Sending Trackball (ACTION_MOVE): 0:(3.0,3.0)
:Sending Trackball (ACTION_MOVE): 0:(2.0,-2.0)
:Sending Trackball (ACTION_MOVE): 0:(-3.0,2.0)
:Sending Trackball (ACTION_MOVE): 0:(0.0,-2.0)
:Sending Trackball (ACTION_MOVE): 0:(-2.0,3.0)
:Sending Key (ACTION_DOWN): 22    // KEYCODE_DPAD_RIGHT
:Sending Key (ACTION_UP): 22    // KEYCODE_DPAD_RIGHT
Sleeping for 300 milliseconds
:Sending Key (ACTION_DOWN): 23    // KEYCODE_DPAD_CENTER
:Sending Key (ACTION_UP): 23    // KEYCODE_DPAD_CENTER
Sleeping for 300 milliseconds
:Sending Key (ACTION_DOWN): 4    // KEYCODE_BACK
:Sending Key (ACTION_UP): 4    // KEYCODE_BACK
Sleeping for 300 milliseconds
:Sending Key (ACTION_DOWN): 20    // KEYCODE_DPAD_DOWN
:Sending Key (ACTION_UP): 20    // KEYCODE_DPAD_DOWN
Sleeping for 300 milliseconds
:Switch: #Intent;action=android.intent.action.MAIN;category=android.intent.category.LAUNCHER;launchFlags=0x10200000;component=com.android.settings/.Settings%24RunningServicesActivity;end
    // Allowing start of Intent { act=android.intent.action.MAIN cat=[android.intent.category.LAUNCHER] cmp=com.android.settings/.Settings$RunningServicesActivity } in package com.android.settings
Sleeping for 300 milliseconds
:Sending Trackball (ACTION_MOVE): 0:(-3.0,1.0)
:Sending Trackball (ACTION_MOVE): 0:(0.0,-2.0)
:Sending Trackball (ACTION_MOVE): 0:(-2.0,-1.0)
:Sending Trackball (ACTION_MOVE): 0:(0.0,-1.0)
:Sending Trackball (ACTION_MOVE): 0:(2.0,-5.0)
:Sending Trackball (ACTION_MOVE): 0:(-4.0,-4.0)
:Sending Trackball (ACTION_MOVE): 0:(-1.0,2.0)
:Sending Trackball (ACTION_MOVE): 0:(-1.0,1.0)
:Sending Trackball (ACTION_MOVE): 0:(-4.0,-5.0)
:Sending Trackball (ACTION_MOVE): 0:(-4.0,2.0)
:Sending Trackball (ACTION_DOWN): 0:(0.0,0.0)
:Sending Trackball (ACTION_UP): 0:(0.0,0.0)
Sleeping for 300 milliseconds
:Sending Touch (ACTION_DOWN): 0:(1746.0,103.0)
:Sending Touch (ACTION_UP): 0:(1747.704,90.782455)
Sleeping for 300 milliseconds
:Sending Key (ACTION_DOWN): 273    // KEYCODE_MEDIA_SKIP_BACKWARD
:Sending Key (ACTION_UP): 273    // KEYCODE_MEDIA_SKIP_BACKWARD
Sleeping for 300 milliseconds
:Sending Key (ACTION_DOWN): 4    // KEYCODE_BACK
:Sending Key (ACTION_UP): 4    // KEYCODE_BACK
Sleeping for 300 milliseconds
    // activityResuming(com.android.settings)
:Sending Key (ACTION_DOWN): 128    // KEYCODE_MEDIA_CLOSE
:Sending Key (ACTION_UP): 128    // KEYCODE_MEDIA_CLOSE
Sleeping for 300 milliseconds
:Sending Touch (ACTION_DOWN): 0:(1649.0,60.0)
:Sending Touch (ACTION_UP): 0:(1651.8114,69.952385)
Sleeping for 300 milliseconds
:Sending Flip keyboardOpen=true
Sleeping for 300 milliseconds
:Sending Key (ACTION_DOWN): 147    // KEYCODE_NUMPAD_3
:Sending Key (ACTION_UP): 147    // KEYCODE_NUMPAD_3
Sleeping for 300 milliseconds
:Sending Key (ACTION_DOWN): 174    // KEYCODE_BOOKMARK
:Sending Key (ACTION_UP): 174    // KEYCODE_BOOKMARK
Sleeping for 300 milliseconds
:Sending Key (ACTION_DOWN): 22    // KEYCODE_DPAD_RIGHT
:Sending Key (ACTION_UP): 22    // KEYCODE_DPAD_RIGHT
Sleeping for 300 milliseconds
:Sending Touch (ACTION_DOWN): 0:(1759.0,88.0)
:Sending Touch (ACTION_UP): 0:(1756.0211,104.16655)
Sleeping for 300 milliseconds
:Sending Key (ACTION_DOWN): 24    // KEYCODE_VOLUME_UP
:Sending Key (ACTION_UP): 24    // KEYCODE_VOLUME_UP
Sleeping for 300 milliseconds
:Sending Touch (ACTION_DOWN): 0:(38.0,296.0)
:Sending Touch (ACTION_MOVE): 0:(29.4371,304.24304)
:Sending Touch (ACTION_UP): 0:(22.84427,307.02106)
Sleeping for 300 milliseconds
:Sending Key (ACTION_DOWN): 82    // KEYCODE_MENU
:Sending Key (ACTION_UP): 82    // KEYCODE_MENU
Sleeping for 300 milliseconds
:Sending Touch (ACTION_DOWN): 0:(1655.0,56.0)
:Sending Touch (ACTION_UP): 0:(1653.0754,55.799812)
Sleeping for 300 milliseconds
:Sending Touch (ACTION_DOWN): 0:(1803.0,131.0)
:Sending Touch (ACTION_UP): 0:(1818.8158,134.83849)
Sleeping for 300 milliseconds
:Sending Flip keyboardOpen=false
Sleeping for 300 milliseconds
:Sending Key (ACTION_DOWN): 19    // KEYCODE_DPAD_UP
:Sending Key (ACTION_UP): 19    // KEYCODE_DPAD_UP
Sleeping for 300 milliseconds
:Sending Touch (ACTION_DOWN): 0:(30.0,23.0)
:Sending Touch (ACTION_UP): 0:(39.97486,23.14337)
Sleeping for 300 milliseconds
:Sending Key (ACTION_DOWN): 211    // KEYCODE_ZENKAKU_HANKAKU
:Sending Key (ACTION_UP): 211    // KEYCODE_ZENKAKU_HANKAKU
Sleeping for 300 milliseconds
:Sending Trackball (ACTION_MOVE): 0:(2.0,0.0)
:Sending Trackball (ACTION_MOVE): 0:(-5.0,-4.0)
:Sending Trackball (ACTION_MOVE): 0:(-3.0,0.0)
:Sending Trackball (ACTION_MOVE): 0:(3.0,1.0)
:Sending Trackball (ACTION_MOVE): 0:(4.0,1.0)
:Sending Trackball (ACTION_MOVE): 0:(2.0,1.0)
:Sending Trackball (ACTION_MOVE): 0:(-3.0,-2.0)
:Sending Trackball (ACTION_MOVE): 0:(0.0,-3.0)
:Sending Trackball (ACTION_MOVE): 0:(4.0,-3.0)
:Sending Trackball (ACTION_MOVE): 0:(-4.0,4.0)
:Sending Flip keyboardOpen=true
Sleeping for 300 milliseconds
:Sending Touch (ACTION_DOWN): 0:(790.0,126.0)
:Sending Touch (ACTION_MOVE): 0:(797.30286,130.03516)
:Sending Touch (ACTION_MOVE): 0:(809.3031,131.40489)
:Sending Touch (ACTION_MOVE): 0:(813.50684,134.44513)
:Sending Touch (ACTION_MOVE): 0:(816.9378,138.57567)
:Sending Touch (ACTION_MOVE): 0:(823.0744,143.89514)
:Sending Touch (ACTION_MOVE): 0:(831.48315,146.7622)
:Sending Touch (ACTION_MOVE): 0:(833.901,151.63756)
:Sending Touch (ACTION_UP): 0:(843.4329,152.87967)
Sleeping for 300 milliseconds
:Sending Key (ACTION_DOWN): 22    // KEYCODE_DPAD_RIGHT
:Sending Key (ACTION_UP): 22    // KEYCODE_DPAD_RIGHT
Sleeping for 300 milliseconds
:Sending Key (ACTION_DOWN): 31    // KEYCODE_C
:Sending Key (ACTION_UP): 31    // KEYCODE_C
Sleeping for 300 milliseconds
:Sending Touch (ACTION_DOWN): 0:(503.0,318.0)
:Sending Touch (ACTION_UP): 0:(504.37085,321.37646)
Sleeping for 300 milliseconds
:Sending Key (ACTION_DOWN): 145    // KEYCODE_NUMPAD_1
:Sending Key (ACTION_UP): 145    // KEYCODE_NUMPAD_1
    //[calendar_time:2020-12-06 17:27:29.411  system_uptime:1389883]
    // Sending event #900
Sleeping for 300 milliseconds
    //[calendar_time:2020-12-06 17:27:29.711  system_uptime:1390184]
    // Sending event #900
:Sending Key (ACTION_DOWN): 23    // KEYCODE_DPAD_CENTER
:Sending Key (ACTION_UP): 23    // KEYCODE_DPAD_CENTER
Sleeping for 300 milliseconds
:Sending Key (ACTION_DOWN): 29    // KEYCODE_A
:Sending Key (ACTION_UP): 29    // KEYCODE_A
Sleeping for 300 milliseconds
:Sending Key (ACTION_DOWN): 19    // KEYCODE_DPAD_UP
:Sending Key (ACTION_UP): 19    // KEYCODE_DPAD_UP
Sleeping for 300 milliseconds
:Sending Key (ACTION_DOWN): 21    // KEYCODE_DPAD_LEFT
:Sending Key (ACTION_UP): 21    // KEYCODE_DPAD_LEFT
Sleeping for 300 milliseconds
:Sending Key (ACTION_DOWN): 22    // KEYCODE_DPAD_RIGHT
:Sending Key (ACTION_UP): 22    // KEYCODE_DPAD_RIGHT
Sleeping for 300 milliseconds
:Sending Touch (ACTION_DOWN): 0:(1539.0,353.0)
:Sending Touch (ACTION_MOVE): 0:(1540.7291,353.85315)
:Sending Touch (ACTION_MOVE): 0:(1541.2148,353.96396)
:Sending Touch (ACTION_MOVE): 0:(1542.2646,354.40134)
:Sending Touch (ACTION_UP): 0:(1542.9966,355.0251)
Sleeping for 300 milliseconds
:Sending Trackball (ACTION_MOVE): 0:(-2.0,1.0)
:Sending Trackball (ACTION_MOVE): 0:(-1.0,4.0)
:Sending Trackball (ACTION_MOVE): 0:(-3.0,-4.0)
:Sending Trackball (ACTION_MOVE): 0:(2.0,-5.0)
:Sending Trackball (ACTION_MOVE): 0:(3.0,1.0)
:Sending Trackball (ACTION_MOVE): 0:(0.0,-2.0)
:Sending Trackball (ACTION_MOVE): 0:(3.0,-2.0)
:Sending Trackball (ACTION_MOVE): 0:(-1.0,-4.0)
:Sending Trackball (ACTION_MOVE): 0:(-3.0,0.0)
:Sending Trackball (ACTION_MOVE): 0:(-3.0,-5.0)
:Sending Key (ACTION_DOWN): 22    // KEYCODE_DPAD_RIGHT
:Sending Key (ACTION_UP): 22    // KEYCODE_DPAD_RIGHT
Sleeping for 300 milliseconds
:Sending Key (ACTION_DOWN): 19    // KEYCODE_DPAD_UP
:Sending Key (ACTION_UP): 19    // KEYCODE_DPAD_UP
Sleeping for 300 milliseconds
:Sending Key (ACTION_DOWN): 82    // KEYCODE_MENU
:Sending Key (ACTION_UP): 82    // KEYCODE_MENU
Sleeping for 300 milliseconds
:Sending Touch (ACTION_DOWN): 0:(101.0,453.0)
:Sending Touch (ACTION_MOVE): 0:(92.57385,460.26593)
:Sending Touch (ACTION_MOVE): 0:(73.79335,464.15616)
:Sending Touch (ACTION_MOVE): 0:(70.51496,471.1099)
:Sending Touch (ACTION_MOVE): 0:(56.87592,474.0451)
:Sending Touch (ACTION_MOVE): 0:(46.848907,479.59128)
:Sending Touch (ACTION_MOVE): 0:(29.147223,482.08154)
:Sending Touch (ACTION_MOVE): 0:(16.146376,491.59796)
:Sending Touch (ACTION_MOVE): 0:(0.8833418,495.412)
:Sending Touch (ACTION_MOVE): 0:(0.0,501.02838)
:Sending Touch (ACTION_UP): 0:(0.0,506.5305)
Sleeping for 300 milliseconds
:Sending Key (ACTION_DOWN): 1    // KEYCODE_SOFT_LEFT
:Sending Key (ACTION_UP): 1    // KEYCODE_SOFT_LEFT
Sleeping for 300 milliseconds
:Sending Key (ACTION_DOWN): 19    // KEYCODE_DPAD_UP
:Sending Key (ACTION_UP): 19    // KEYCODE_DPAD_UP
Sleeping for 300 milliseconds
:Sending Key (ACTION_DOWN): 20    // KEYCODE_DPAD_DOWN
:Sending Key (ACTION_UP): 20    // KEYCODE_DPAD_DOWN
Sleeping for 300 milliseconds
:Sending Trackball (ACTION_MOVE): 0:(-4.0,-4.0)
:Sending Trackball (ACTION_MOVE): 0:(-1.0,2.0)
:Sending Trackball (ACTION_MOVE): 0:(4.0,0.0)
:Sending Trackball (ACTION_MOVE): 0:(-4.0,-2.0)
:Sending Trackball (ACTION_MOVE): 0:(-1.0,4.0)
:Sending Trackball (ACTION_MOVE): 0:(1.0,-5.0)
:Sending Trackball (ACTION_MOVE): 0:(-2.0,0.0)
:Sending Trackball (ACTION_MOVE): 0:(-4.0,-3.0)
:Sending Trackball (ACTION_MOVE): 0:(1.0,-4.0)
:Sending Trackball (ACTION_MOVE): 0:(-5.0,3.0)
:Sending Trackball (ACTION_DOWN): 0:(0.0,0.0)
:Sending Trackball (ACTION_UP): 0:(0.0,0.0)
Sleeping for 300 milliseconds
:Sending Key (ACTION_DOWN): 21    // KEYCODE_DPAD_LEFT
:Sending Key (ACTION_UP): 21    // KEYCODE_DPAD_LEFT
Sleeping for 300 milliseconds
:Sending Key (ACTION_DOWN): 82    // KEYCODE_MENU
:Sending Key (ACTION_UP): 82    // KEYCODE_MENU
Sleeping for 300 milliseconds
:Sending Key (ACTION_DOWN): 45    // KEYCODE_Q
:Sending Key (ACTION_UP): 45    // KEYCODE_Q
Sleeping for 300 milliseconds
:Sending Key (ACTION_DOWN): 3    // KEYCODE_HOME
:Sending Key (ACTION_UP): 3    // KEYCODE_HOME
    // Rejecting start of Intent { act=android.intent.action.MAIN cat=[android.intent.category.HOME] cmp=com.google.android.apps.nexuslauncher/.NexusLauncherActivity } in package com.google.android.apps.nexuslauncher
Sleeping for 300 milliseconds
:Sending Key (ACTION_DOWN): 20    // KEYCODE_DPAD_DOWN
:Sending Key (ACTION_UP): 20    // KEYCODE_DPAD_DOWN
Sleeping for 300 milliseconds
:Sending Key (ACTION_DOWN): 19    // KEYCODE_DPAD_UP
:Sending Key (ACTION_UP): 19    // KEYCODE_DPAD_UP
Sleeping for 300 milliseconds
:Sending Key (ACTION_DOWN): 121    // KEYCODE_BREAK
:Sending Key (ACTION_UP): 121    // KEYCODE_BREAK
Sleeping for 300 milliseconds
:Sending Touch (ACTION_DOWN): 0:(743.0,432.0)
:Sending Touch (ACTION_UP): 0:(740.4599,450.14078)
Sleeping for 300 milliseconds
:Sending Touch (ACTION_DOWN): 0:(110.0,240.0)
:Sending Touch (ACTION_UP): 0:(112.89421,235.42267)
Sleeping for 300 milliseconds
:Sending Touch (ACTION_DOWN): 0:(1640.0,326.0)
:Sending Touch (ACTION_UP): 0:(1652.9596,322.78357)
Sleeping for 300 milliseconds
:Sending Touch (ACTION_DOWN): 0:(825.0,374.0)
:Sending Touch (ACTION_MOVE): 0:(825.7206,376.53467)
:Sending Touch (ACTION_MOVE): 0:(826.5257,386.04565)
:Sending Touch (ACTION_MOVE): 0:(827.2945,393.9406)
:Sending Touch (ACTION_MOVE): 0:(828.22925,407.99866)
:Sending Touch (ACTION_MOVE): 0:(828.66614,419.17978)
:Sending Touch (ACTION_MOVE): 0:(829.47687,426.2775)
:Sending Touch (ACTION_MOVE): 0:(830.13464,435.7977)
:Sending Touch (ACTION_MOVE): 0:(831.1467,443.21072)
:Sending Touch (ACTION_MOVE): 0:(831.967,449.73953)
:Sending Touch (ACTION_UP): 0:(832.79614,457.5636)
Sleeping for 300 milliseconds
:Sending Touch (ACTION_DOWN): 0:(788.0,558.0)
:Sending Touch (ACTION_UP): 0:(774.82983,571.3221)
Sleeping for 300 milliseconds
:Sending Key (ACTION_DOWN): 94    // KEYCODE_PICTSYMBOLS
:Sending Key (ACTION_UP): 94    // KEYCODE_PICTSYMBOLS
Sleeping for 300 milliseconds
:Sending Key (ACTION_DOWN): 23    // KEYCODE_DPAD_CENTER
:Sending Key (ACTION_UP): 23    // KEYCODE_DPAD_CENTER
Sleeping for 300 milliseconds
:Sending Touch (ACTION_DOWN): 0:(1605.0,46.0)
:Sending Touch (ACTION_UP): 0:(1604.6692,49.434677)
Sleeping for 300 milliseconds
:Sending Key (ACTION_DOWN): 82    // KEYCODE_MENU
Events injected: 1000
:Sending rotation degree=0, persist=false
:Dropped: keys=0 pointers=9 trackballs=0 flips=0 rotations=0
## Network stats: elapsed time=78812ms (0ms mobile, 0ms wifi, 78812ms not connected)
// Monkey finished
